Using pre-set license
Built from '2021.3/staging' branch; Version is '2021.3.11f1 (0a5ca18544bf) revision 679073'; Using compiler version '192829333'; Build Type 'Release'
OS: 'Windows 10  (10.0.19043) 64bit CoreSingleLanguage' Language: 'ru' Physical Memory: 8117 MB
BatchMode: 1, IsHumanControllingUs: 0, StartBugReporterOnCrash: 0, Is64bit: 1, IsPro: 1

COMMAND LINE ARGUMENTS:
C:\Program Files\Unity\Hub\Editor\2021.3.11f1\Editor\Unity.exe
-adb2
-batchMode
-noUpm
-name
AssetImportWorker11
-projectPath
C:/gb/Lesson_8_End
-logFile
Logs/AssetImportWorker11.log
-srvPort
56313
Successfully changed project path to: C:/gb/Lesson_8_End
C:/gb/Lesson_8_End
[UnityMemory] Configuration Parameters - Can be set up in boot.config
    "memorysetup-bucket-allocator-granularity=16"
    "memorysetup-bucket-allocator-bucket-count=8"
    "memorysetup-bucket-allocator-block-size=33554432"
    "memorysetup-bucket-allocator-block-count=8"
    "memorysetup-main-allocator-block-size=16777216"
    "memorysetup-thread-allocator-block-size=16777216"
    "memorysetup-gfx-main-allocator-block-size=16777216"
    "memorysetup-gfx-thread-allocator-block-size=16777216"
    "memorysetup-cache-allocator-block-size=4194304"
    "memorysetup-typetree-allocator-block-size=2097152"
    "memorysetup-profiler-bucket-allocator-granularity=16"
    "memorysetup-profiler-bucket-allocator-bucket-count=8"
    "memorysetup-profiler-bucket-allocator-block-size=33554432"
    "memorysetup-profiler-bucket-allocator-block-count=8"
    "memorysetup-profiler-allocator-block-size=16777216"
    "memorysetup-profiler-editor-allocator-block-size=1048576"
    "memorysetup-temp-allocator-size-main=16777216"
    "memorysetup-job-temp-allocator-block-size=2097152"
    "memorysetup-job-temp-allocator-block-size-background=1048576"
    "memorysetup-job-temp-allocator-reduction-small-platforms=262144"
    "memorysetup-temp-allocator-size-background-worker=32768"
    "memorysetup-temp-allocator-size-job-worker=262144"
    "memorysetup-temp-allocator-size-preload-manager=33554432"
    "memorysetup-temp-allocator-size-nav-mesh-worker=65536"
    "memorysetup-temp-allocator-size-audio-worker=65536"
    "memorysetup-temp-allocator-size-cloud-worker=32768"
    "memorysetup-temp-allocator-size-gi-baking-worker=262144"
    "memorysetup-temp-allocator-size-gfx=262144"
Refreshing native plugins compatible for Editor in 523.36 ms, found 3 plugins.
Preloading 0 native plugins for Editor in 0.00 ms.
Initialize engine version: 2021.3.11f1 (0a5ca18544bf)
[Subsystems] Discovering subsystems at path C:/Program Files/Unity/Hub/Editor/2021.3.11f1/Editor/Data/Resources/UnitySubsystems
[Subsystems] Discovering subsystems at path C:/gb/Lesson_8_End/Assets
GfxDevice: creating device client; threaded=0; jobified=0
Direct3D:
    Version:  Direct3D 11.0 [level 11.1]
    Renderer: Intel(R) HD Graphics (ID=0x22b1)
    Vendor:   Intel
    VRAM:     4058 MB
    Driver:   20.19.15.4549
Initialize mono
Mono path[0] = 'C:/Program Files/Unity/Hub/Editor/2021.3.11f1/Editor/Data/Managed'
Mono path[1] = 'C:/Program Files/Unity/Hub/Editor/2021.3.11f1/Editor/Data/MonoBleedingEdge/lib/mono/unityjit-win32'
Mono config path = 'C:/Program Files/Unity/Hub/Editor/2021.3.11f1/Editor/Data/MonoBleedingEdge/etc'
Using monoOptions --debugger-agent=transport=dt_socket,embedding=1,server=y,suspend=n,address=127.0.0.1:56540
Begin MonoManager ReloadAssembly
Registering precompiled unity dll's ...
Register platform support module: C:/Program Files/Unity/Hub/Editor/2021.3.11f1/Editor/Data/PlaybackEngines/AndroidPlayer/UnityEditor.Android.Extensions.dll
Register platform support module: C:/Program Files/Unity/Hub/Editor/2021.3.11f1/Editor/Data/PlaybackEngines/WindowsStandaloneSupport/UnityEditor.WindowsStandalone.Extensions.dll
Registered in 0.070873 seconds.
Native extension for WindowsStandalone target not found
Native extension for Android target not found
Refreshing native plugins compatible for Editor in 869.34 ms, found 3 plugins.
Preloading 0 native plugins for Editor in 0.00 ms.
Mono: successfully reloaded assembly
- Completed reload, in  5.399 seconds
Domain Reload Profiling:
	ReloadAssembly (5401ms)
		BeginReloadAssembly (540ms)
			ExecutionOrderSort (0ms)
			DisableScriptedObjects (0ms)
			BackupInstance (0ms)
			ReleaseScriptingObjects (0ms)
			CreateAndSetChildDomain (4ms)
		EndReloadAssembly (3975ms)
			LoadAssemblies (527ms)
			RebuildTransferFunctionScriptingTraits (0ms)
			SetupTypeCache (887ms)
			ReleaseScriptCaches (0ms)
			RebuildScriptCaches (229ms)
			SetupLoadedEditorAssemblies (2513ms)
				LogAssemblyErrors (0ms)
				InitializePlatformSupportModulesInManaged (424ms)
				SetLoadedEditorAssemblies (1ms)
				RefreshPlugins (870ms)
				BeforeProcessingInitializeOnLoad (8ms)
				ProcessInitializeOnLoadAttributes (995ms)
				ProcessInitializeOnLoadMethodAttributes (213ms)
				AfterProcessingInitializeOnLoad (0ms)
				EditorAssembliesLoaded (1ms)
			ExecutionOrderSort2 (0ms)
			AwakeInstancesAfterBackupRestoration (0ms)
Platform modules already initialized, skipping
Registering precompiled user dll's ...
Registered in 0.043372 seconds.
Android Extension - Scanning For ADB Devices 10786 ms
Begin MonoManager ReloadAssembly
Symbol file LoadedFromMemory doesn't match image C:\gb\Lesson_8_End\Library\PackageCache\com.unity.visualscripting@1.7.8\Editor\VisualScripting.Core\Dependencies\DotNetZip\Unity.VisualScripting.IonicZip.dll
Symbol file LoadedFromMemory doesn't match image C:\gb\Lesson_8_End\Library\PackageCache\com.unity.visualscripting@1.7.8\Editor\VisualScripting.Core\Dependencies\YamlDotNet\Unity.VisualScripting.YamlDotNet.dll
Native extension for WindowsStandalone target not found
Native extension for Android target not found
Refreshing native plugins compatible for Editor in 3.43 ms, found 3 plugins.
Preloading 0 native plugins for Editor in 0.00 ms.
Package Manager log level set to [2]
Mono: successfully reloaded assembly
- Completed reload, in  6.293 seconds
Domain Reload Profiling:
	ReloadAssembly (6298ms)
		BeginReloadAssembly (566ms)
			ExecutionOrderSort (0ms)
			DisableScriptedObjects (26ms)
			BackupInstance (0ms)
			ReleaseScriptingObjects (1ms)
			CreateAndSetChildDomain (74ms)
		EndReloadAssembly (5156ms)
			LoadAssemblies (499ms)
			RebuildTransferFunctionScriptingTraits (0ms)
			SetupTypeCache (1283ms)
			ReleaseScriptCaches (2ms)
			RebuildScriptCaches (303ms)
			SetupLoadedEditorAssemblies (2861ms)
				LogAssemblyErrors (0ms)
				InitializePlatformSupportModulesInManaged (70ms)
				SetLoadedEditorAssemblies (2ms)
				RefreshPlugins (4ms)
				BeforeProcessingInitializeOnLoad (438ms)
				ProcessInitializeOnLoadAttributes (1301ms)
				ProcessInitializeOnLoadMethodAttributes (987ms)
				AfterProcessingInitializeOnLoad (59ms)
				EditorAssembliesLoaded (1ms)
			ExecutionOrderSort2 (0ms)
			AwakeInstancesAfterBackupRestoration (42ms)
Platform modules already initialized, skipping
========================================================================
Worker process is ready to serve import requests
Launched and connected shader compiler UnityShaderCompiler.exe after 0.29 seconds
Refreshing native plugins compatible for Editor in 4.43 ms, found 3 plugins.
Preloading 0 native plugins for Editor in 0.00 ms.
Unloading 4055 Unused Serialized files (Serialized files now loaded: 0)
Unloading 63 unused Assets / (57.3 KB). Loaded Objects now: 4485.
Memory consumption went from 136.0 MB to 136.0 MB.
Total: 41.724900 ms (FindLiveObjects: 1.605200 ms CreateObjectMapping: 1.271200 ms MarkObjects: 38.376700 ms  DeleteObjects: 0.466700 ms)

AssetImportParameters requested are different than current active one (requested -> active):
  custom:video-decoder-ogg-theora: a1e56fd34408186e4bbccfd4996cb3dc -> 
  custom:container-muxer-webm: aa71ff27fc2769a1b78a27578f13a17b -> 
  custom:container-demuxer-webm: 4f35f7cbe854078d1ac9338744f61a02 -> 
  custom:video-encoder-webm-vp8: eb34c28f22e8b96e1ab97ce403110664 -> 
  custom:audio-encoder-webm-vorbis: bf7c407c2cedff20999df2af8eb42d56 -> 
  custom:framework-win-MediaFoundation: 216162199b28c13a410421893ffa2e32 -> 
  custom:container-demuxer-ogg: 62fdf1f143b41e24485cea50d1cbac27 -> 
  custom:video-decoder-webm-vp8: 9c59270c3fd7afecdb556c50c9e8de78 -> 
  custom:audio-decoder-ogg-vorbis: bf7c407c2cedff20999df2af8eb42d56 -> 
========================================================================
Received Import Request.
  Time since last request: 37990.612286 seconds.
  path: Assets/_Root/Scenes/Game.unity
  artifactKey: Guid(9777d1fd47edc45d98cb2b1251d702e7) Importer(815301076,1909f56bfc062723c751e8b465ee728b)
Start importing Assets/_Root/Scenes/Game.unity using Guid(9777d1fd47edc45d98cb2b1251d702e7) Importer(815301076,1909f56bfc062723c751e8b465ee728b)  -> (artifact id: 'f1091c23ecfc9884e8249d0abb308c57') in 0.052761 seconds 
========================================================================
Received Import Request.
  Time since last request: 950.048373 seconds.
  path: Assets/_Root/Resources/Prefabs
  artifactKey: Guid(f3b1601e5f6f5fc4bba6930a1520383c) Importer(815301076,1909f56bfc062723c751e8b465ee728b)
Start importing Assets/_Root/Resources/Prefabs using Guid(f3b1601e5f6f5fc4bba6930a1520383c) Importer(815301076,1909f56bfc062723c751e8b465ee728b)  -> (artifact id: '8d306cca4f7816e48ab8ca152faa3c02') in 0.039166 seconds 
========================================================================
Received Import Request.
  Time since last request: 50.215352 seconds.
  path: Assets/_Root/Resources/Prefabs/Game/CannonBomb.prefab
  artifactKey: Guid(44eb27282cac35e4bbc56d3fd9cc795e) Importer(815301076,1909f56bfc062723c751e8b465ee728b)
Start importing Assets/_Root/Resources/Prefabs/Game/CannonBomb.prefab using Guid(44eb27282cac35e4bbc56d3fd9cc795e) Importer(815301076,1909f56bfc062723c751e8b465ee728b)  -> (artifact id: '81e49956dc2f8a589363c5bba311b496') in 0.458707 seconds 
========================================================================
Received Import Request.
  Time since last request: 0.065188 seconds.
  path: Assets/_Root/Resources/Prefabs/Game/Background.prefab
  artifactKey: Guid(fc5d978739b1ef048bfa075070aeba34) Importer(815301076,1909f56bfc062723c751e8b465ee728b)
Start importing Assets/_Root/Resources/Prefabs/Game/Background.prefab using Guid(fc5d978739b1ef048bfa075070aeba34) Importer(815301076,1909f56bfc062723c751e8b465ee728b)  -> (artifact id: 'e9dc235a07e65dc73b4a3d53b53170cf') in 0.072866 seconds 
========================================================================
Received Import Request.
  Time since last request: 13.225012 seconds.
  path: Assets/_Root/Resources/Prefabs/Game/Car.prefab
  artifactKey: Guid(33b765fecc0a5e84d8c2a5aee1c58341) Importer(815301076,1909f56bfc062723c751e8b465ee728b)
Start importing Assets/_Root/Resources/Prefabs/Game/Car.prefab using Guid(33b765fecc0a5e84d8c2a5aee1c58341) Importer(815301076,1909f56bfc062723c751e8b465ee728b)  -> (artifact id: 'e4d2ddc012c61de72309167cb599d71e') in 0.062363 seconds 
========================================================================
Received Prepare
Registering precompiled user dll's ...
Registered in 0.048526 seconds.
Begin MonoManager ReloadAssembly
Symbol file LoadedFromMemory doesn't match image C:\gb\Lesson_8_End\Library\PackageCache\com.unity.visualscripting@1.7.8\Editor\VisualScripting.Core\Dependencies\DotNetZip\Unity.VisualScripting.IonicZip.dll
Symbol file LoadedFromMemory doesn't match image C:\gb\Lesson_8_End\Library\PackageCache\com.unity.visualscripting@1.7.8\Editor\VisualScripting.Core\Dependencies\YamlDotNet\Unity.VisualScripting.YamlDotNet.dll
Native extension for WindowsStandalone target not found
Native extension for Android target not found
Refreshing native plugins compatible for Editor in 6.33 ms, found 3 plugins.
Preloading 0 native plugins for Editor in 0.00 ms.
Mono: successfully reloaded assembly
- Completed reload, in  9.796 seconds
Domain Reload Profiling:
	ReloadAssembly (9801ms)
		BeginReloadAssembly (715ms)
			ExecutionOrderSort (0ms)
			DisableScriptedObjects (24ms)
			BackupInstance (0ms)
			ReleaseScriptingObjects (0ms)
			CreateAndSetChildDomain (165ms)
		EndReloadAssembly (8499ms)
			LoadAssemblies (593ms)
			RebuildTransferFunctionScriptingTraits (0ms)
			SetupTypeCache (1814ms)
			ReleaseScriptCaches (6ms)
			RebuildScriptCaches (386ms)
			SetupLoadedEditorAssemblies (5114ms)
				LogAssemblyErrors (0ms)
				InitializePlatformSupportModulesInManaged (240ms)
				SetLoadedEditorAssemblies (7ms)
				RefreshPlugins (7ms)
				BeforeProcessingInitializeOnLoad (728ms)
				ProcessInitializeOnLoadAttributes (2241ms)
				ProcessInitializeOnLoadMethodAttributes (1820ms)
				AfterProcessingInitializeOnLoad (71ms)
				EditorAssembliesLoaded (1ms)
			ExecutionOrderSort2 (0ms)
			AwakeInstancesAfterBackupRestoration (49ms)
Platform modules already initialized, skipping
Refreshing native plugins compatible for Editor in 333.26 ms, found 3 plugins.
Preloading 0 native plugins for Editor in 0.00 ms.
Unloading 4036 Unused Serialized files (Serialized files now loaded: 0)
Unloading 56 unused Assets / (25.9 KB). Loaded Objects now: 4496.
Memory consumption went from 138.9 MB to 138.9 MB.
Total: 155.687900 ms (FindLiveObjects: 1.682600 ms CreateObjectMapping: 1.781200 ms MarkObjects: 150.426500 ms  DeleteObjects: 1.789300 ms)

AssetImportParameters requested are different than current active one (requested -> active):
  custom:video-decoder-ogg-theora: a1e56fd34408186e4bbccfd4996cb3dc -> 
  custom:container-muxer-webm: aa71ff27fc2769a1b78a27578f13a17b -> 
  custom:container-demuxer-webm: 4f35f7cbe854078d1ac9338744f61a02 -> 
  custom:video-encoder-webm-vp8: eb34c28f22e8b96e1ab97ce403110664 -> 
  custom:audio-encoder-webm-vorbis: bf7c407c2cedff20999df2af8eb42d56 -> 
  custom:framework-win-MediaFoundation: 216162199b28c13a410421893ffa2e32 -> 
  custom:container-demuxer-ogg: 62fdf1f143b41e24485cea50d1cbac27 -> 
  custom:video-decoder-webm-vp8: 9c59270c3fd7afecdb556c50c9e8de78 -> 
  custom:audio-decoder-ogg-vorbis: bf7c407c2cedff20999df2af8eb42d56 -> 
========================================================================
Received Import Request.
  Time since last request: 171.704243 seconds.
  path: Assets/_Root/Resources/Prefabs/Fight/StartFightView.prefab
  artifactKey: Guid(e91d5e3c161f8491a8cf915cbccae4de) Importer(815301076,1909f56bfc062723c751e8b465ee728b)
Start importing Assets/_Root/Resources/Prefabs/Fight/StartFightView.prefab using Guid(e91d5e3c161f8491a8cf915cbccae4de) Importer(815301076,1909f56bfc062723c751e8b465ee728b)  -> (artifact id: '42aa6754aef3af1339dcf8dc5fdc88f1') in 36.632689 seconds 
========================================================================
Received Import Request.
  Time since last request: 0.012629 seconds.
  path: Assets/_Root/Resources/Prefabs/Shed/ShedView.prefab
  artifactKey: Guid(e27a1d540837e4fe4812f61bbc99aedb) Importer(815301076,1909f56bfc062723c751e8b465ee728b)
Start importing Assets/_Root/Resources/Prefabs/Shed/ShedView.prefab using Guid(e27a1d540837e4fe4812f61bbc99aedb) Importer(815301076,1909f56bfc062723c751e8b465ee728b)  -> (artifact id: '34ce288e1f4e2639c2d75567d5f78d47') in 0.568659 seconds 
========================================================================
Received Import Request.
  Time since last request: 2.671844 seconds.
  path: Assets/_Root/Resources/Prefabs/Ui/MainMenu.prefab
  artifactKey: Guid(f73b5ceaabd6ca94b894ab0f3d4f7577) Importer(815301076,1909f56bfc062723c751e8b465ee728b)
Start importing Assets/_Root/Resources/Prefabs/Ui/MainMenu.prefab using Guid(f73b5ceaabd6ca94b894ab0f3d4f7577) Importer(815301076,1909f56bfc062723c751e8b465ee728b)  -> (artifact id: 'f0c7c38ad74aa8b600de55077d1dac58') in 0.983424 seconds 
========================================================================
Received Import Request.
  Time since last request: 13.917396 seconds.
  path: Assets/_Root/Resources/Prefabs/Game
  artifactKey: Guid(46711678b3d4c44d6a69fd4ebd7ea8dd) Importer(815301076,1909f56bfc062723c751e8b465ee728b)
Start importing Assets/_Root/Resources/Prefabs/Game using Guid(46711678b3d4c44d6a69fd4ebd7ea8dd) Importer(815301076,1909f56bfc062723c751e8b465ee728b)  -> (artifact id: '716a568250707d1c23de86e5fcfc9e60') in 0.792027 seconds 
========================================================================
Received Import Request.
  Time since last request: 47.399040 seconds.
  path: Assets/_Root/Resources/Prefabs/Game/GoToMainMenu.prefab
  artifactKey: Guid(3a8ccd3562559eb4fa49d7817a0b83c3) Importer(815301076,1909f56bfc062723c751e8b465ee728b)
Start importing Assets/_Root/Resources/Prefabs/Game/GoToMainMenu.prefab using Guid(3a8ccd3562559eb4fa49d7817a0b83c3) Importer(815301076,1909f56bfc062723c751e8b465ee728b)  -> (artifact id: '8ebdf8f6811cb0ce3277d33bc58ab36d') in 0.046017 seconds 
========================================================================
Received Import Request.
  Time since last request: 244.039632 seconds.
  path: Assets/_Root/Scripts/Game/InputLogic
  artifactKey: Guid(812d69958b27417bb2f9d333979e470b) Importer(815301076,1909f56bfc062723c751e8b465ee728b)
Start importing Assets/_Root/Scripts/Game/InputLogic using Guid(812d69958b27417bb2f9d333979e470b) Importer(815301076,1909f56bfc062723c751e8b465ee728b)  -> (artifact id: 'f1689224474ad355d6e9e0a2e0f56bdc') in 0.034208 seconds 
========================================================================
Received Import Request.
  Time since last request: 12.664457 seconds.
  path: Assets/_Root/Scripts/Ui/MainMenu
  artifactKey: Guid(d08b99fc992046f09ca533dca04bdade) Importer(815301076,1909f56bfc062723c751e8b465ee728b)
Start importing Assets/_Root/Scripts/Ui/MainMenu using Guid(d08b99fc992046f09ca533dca04bdade) Importer(815301076,1909f56bfc062723c751e8b465ee728b)  -> (artifact id: '0344d56aa4e479960b87a4165a1cc051') in 0.015299 seconds 
========================================================================
Received Import Request.
  Time since last request: 23.052799 seconds.
  path: Assets/_Root/Scripts/Ui/MainMenu/GoToMainMenu.cs
  artifactKey: Guid(d353fbcbf0b995f44aba3ea39e467d30) Importer(815301076,1909f56bfc062723c751e8b465ee728b)
Start importing Assets/_Root/Scripts/Ui/MainMenu/GoToMainMenu.cs using Guid(d353fbcbf0b995f44aba3ea39e467d30) Importer(815301076,1909f56bfc062723c751e8b465ee728b)  -> (artifact id: '5c900c60f07dbd21d892c03d955ee1ca') in 0.143694 seconds 
========================================================================
Received Prepare
Registering precompiled user dll's ...
Registered in 0.044572 seconds.
Begin MonoManager ReloadAssembly
Symbol file LoadedFromMemory doesn't match image C:\gb\Lesson_8_End\Library\PackageCache\com.unity.visualscripting@1.7.8\Editor\VisualScripting.Core\Dependencies\DotNetZip\Unity.VisualScripting.IonicZip.dll
Symbol file LoadedFromMemory doesn't match image C:\gb\Lesson_8_End\Library\PackageCache\com.unity.visualscripting@1.7.8\Editor\VisualScripting.Core\Dependencies\YamlDotNet\Unity.VisualScripting.YamlDotNet.dll
Native extension for WindowsStandalone target not found
Native extension for Android target not found
Refreshing native plugins compatible for Editor in 4.89 ms, found 3 plugins.
Preloading 0 native plugins for Editor in 0.00 ms.
Mono: successfully reloaded assembly
- Completed reload, in  7.937 seconds
Domain Reload Profiling:
	ReloadAssembly (7939ms)
		BeginReloadAssembly (913ms)
			ExecutionOrderSort (0ms)
			DisableScriptedObjects (40ms)
			BackupInstance (0ms)
			ReleaseScriptingObjects (1ms)
			CreateAndSetChildDomain (252ms)
		EndReloadAssembly (6269ms)
			LoadAssemblies (703ms)
			RebuildTransferFunctionScriptingTraits (0ms)
			SetupTypeCache (1909ms)
			ReleaseScriptCaches (5ms)
			RebuildScriptCaches (312ms)
			SetupLoadedEditorAssemblies (3126ms)
				LogAssemblyErrors (0ms)
				InitializePlatformSupportModulesInManaged (151ms)
				SetLoadedEditorAssemblies (3ms)
				RefreshPlugins (5ms)
				BeforeProcessingInitializeOnLoad (481ms)
				ProcessInitializeOnLoadAttributes (1491ms)
				ProcessInitializeOnLoadMethodAttributes (947ms)
				AfterProcessingInitializeOnLoad (48ms)
				EditorAssembliesLoaded (1ms)
			ExecutionOrderSort2 (0ms)
			AwakeInstancesAfterBackupRestoration (34ms)
Platform modules already initialized, skipping
Refreshing native plugins compatible for Editor in 86.70 ms, found 3 plugins.
Preloading 0 native plugins for Editor in 0.00 ms.
Unloading 4037 Unused Serialized files (Serialized files now loaded: 0)
Unloading 56 unused Assets / (25.9 KB). Loaded Objects now: 4500.
Memory consumption went from 139.0 MB to 139.0 MB.
Total: 26.796400 ms (FindLiveObjects: 1.147000 ms CreateObjectMapping: 0.682400 ms MarkObjects: 24.843200 ms  DeleteObjects: 0.120200 ms)

AssetImportParameters requested are different than current active one (requested -> active):
  custom:video-decoder-ogg-theora: a1e56fd34408186e4bbccfd4996cb3dc -> 
  custom:container-muxer-webm: aa71ff27fc2769a1b78a27578f13a17b -> 
  custom:container-demuxer-webm: 4f35f7cbe854078d1ac9338744f61a02 -> 
  custom:video-encoder-webm-vp8: eb34c28f22e8b96e1ab97ce403110664 -> 
  custom:audio-encoder-webm-vorbis: bf7c407c2cedff20999df2af8eb42d56 -> 
  custom:framework-win-MediaFoundation: 216162199b28c13a410421893ffa2e32 -> 
  custom:container-demuxer-ogg: 62fdf1f143b41e24485cea50d1cbac27 -> 
  custom:video-decoder-webm-vp8: 9c59270c3fd7afecdb556c50c9e8de78 -> 
  custom:audio-decoder-ogg-vorbis: bf7c407c2cedff20999df2af8eb42d56 -> 
========================================================================
Received Import Request.
  Time since last request: 158.623482 seconds.
  path: Assets/_Root/Resources/Prefabs/Game/GoToMainMenu.prefab
  artifactKey: Guid(3a8ccd3562559eb4fa49d7817a0b83c3) Importer(815301076,1909f56bfc062723c751e8b465ee728b)
Start importing Assets/_Root/Resources/Prefabs/Game/GoToMainMenu.prefab using Guid(3a8ccd3562559eb4fa49d7817a0b83c3) Importer(815301076,1909f56bfc062723c751e8b465ee728b)  -> (artifact id: '415aed504ec4593e80fce70c59e2b587') in 0.191135 seconds 
========================================================================
Received Import Request.
  Time since last request: 79.513354 seconds.
  path: Assets/_Root/Scripts/Ui/MainMenu/MainMenuView.cs
  artifactKey: Guid(0ec1ff07dc984d7e90a763a7633ec1dc) Importer(815301076,1909f56bfc062723c751e8b465ee728b)
Start importing Assets/_Root/Scripts/Ui/MainMenu/MainMenuView.cs using Guid(0ec1ff07dc984d7e90a763a7633ec1dc) Importer(815301076,1909f56bfc062723c751e8b465ee728b)  -> (artifact id: 'bfc3431ca0dc959fd2b81a79b528468a') in 0.023839 seconds 
========================================================================
Received Import Request.
  Time since last request: 12.330365 seconds.
  path: Assets/_Root/Scripts/Ui/MainMenu/MainMenuController.cs
  artifactKey: Guid(d7dc393dbf414698812f96a4e972bb58) Importer(815301076,1909f56bfc062723c751e8b465ee728b)
Start importing Assets/_Root/Scripts/Ui/MainMenu/MainMenuController.cs using Guid(d7dc393dbf414698812f96a4e972bb58) Importer(815301076,1909f56bfc062723c751e8b465ee728b)  -> (artifact id: '43f30e3d80e61e1e6486fc0991a51b1e') in 0.031736 seconds 
========================================================================
Received Import Request.
  Time since last request: 3.721372 seconds.
  path: Assets/_Root/Scripts/Game/GameController.cs
  artifactKey: Guid(84f25fc4b77546ee83e576d0cae693d9) Importer(815301076,1909f56bfc062723c751e8b465ee728b)
Start importing Assets/_Root/Scripts/Game/GameController.cs using Guid(84f25fc4b77546ee83e576d0cae693d9) Importer(815301076,1909f56bfc062723c751e8b465ee728b)  -> (artifact id: '1b230fa9b2995b9e6174b8bc060d1415') in 0.024798 seconds 
========================================================================
Received Import Request.
  Time since last request: 3.785045 seconds.
  path: Assets/_Root/Scripts/Game/TapeBackground
  artifactKey: Guid(bdd6099059ab47ca934c786017ff72d4) Importer(815301076,1909f56bfc062723c751e8b465ee728b)
Start importing Assets/_Root/Scripts/Game/TapeBackground using Guid(bdd6099059ab47ca934c786017ff72d4) Importer(815301076,1909f56bfc062723c751e8b465ee728b)  -> (artifact id: 'b9fae80e8bd0e41a48be6c76bcf9e3e5') in 0.056985 seconds 
========================================================================
Received Import Request.
  Time since last request: 1.112198 seconds.
  path: Assets/_Root/Scripts/Game/Car
  artifactKey: Guid(f9ef9a53bd629497cb10122e65707fc4) Importer(815301076,1909f56bfc062723c751e8b465ee728b)
Start importing Assets/_Root/Scripts/Game/Car using Guid(f9ef9a53bd629497cb10122e65707fc4) Importer(815301076,1909f56bfc062723c751e8b465ee728b)  -> (artifact id: '8abefe34b71cbf19c0f40676bd82020f') in 0.016449 seconds 
========================================================================
Received Import Request.
  Time since last request: 198.602638 seconds.
  path: Assets/_Root/Resources/Prefabs/Ui/SettingsMenu.prefab
  artifactKey: Guid(bf6fafbadd1964f9e88aa4c27e29a277) Importer(815301076,1909f56bfc062723c751e8b465ee728b)
Start importing Assets/_Root/Resources/Prefabs/Ui/SettingsMenu.prefab using Guid(bf6fafbadd1964f9e88aa4c27e29a277) Importer(815301076,1909f56bfc062723c751e8b465ee728b)  -> (artifact id: '812f7837bfae51bcb2a5b9e88cb7ca80') in 0.207816 seconds 
========================================================================
Received Prepare
Registering precompiled user dll's ...
Registered in 0.054786 seconds.
Begin MonoManager ReloadAssembly
Symbol file LoadedFromMemory doesn't match image C:\gb\Lesson_8_End\Library\PackageCache\com.unity.visualscripting@1.7.8\Editor\VisualScripting.Core\Dependencies\DotNetZip\Unity.VisualScripting.IonicZip.dll
Symbol file LoadedFromMemory doesn't match image C:\gb\Lesson_8_End\Library\PackageCache\com.unity.visualscripting@1.7.8\Editor\VisualScripting.Core\Dependencies\YamlDotNet\Unity.VisualScripting.YamlDotNet.dll
Native extension for WindowsStandalone target not found
Native extension for Android target not found
Refreshing native plugins compatible for Editor in 3.60 ms, found 3 plugins.
Preloading 0 native plugins for Editor in 0.00 ms.
Mono: successfully reloaded assembly
- Completed reload, in  6.041 seconds
Domain Reload Profiling:
	ReloadAssembly (6044ms)
		BeginReloadAssembly (710ms)
			ExecutionOrderSort (0ms)
			DisableScriptedObjects (35ms)
			BackupInstance (0ms)
			ReleaseScriptingObjects (0ms)
			CreateAndSetChildDomain (183ms)
		EndReloadAssembly (4651ms)
			LoadAssemblies (552ms)
			RebuildTransferFunctionScriptingTraits (0ms)
			SetupTypeCache (1221ms)
			ReleaseScriptCaches (4ms)
			RebuildScriptCaches (217ms)
			SetupLoadedEditorAssemblies (2386ms)
				LogAssemblyErrors (0ms)
				InitializePlatformSupportModulesInManaged (109ms)
				SetLoadedEditorAssemblies (3ms)
				RefreshPlugins (4ms)
				BeforeProcessingInitializeOnLoad (315ms)
				ProcessInitializeOnLoadAttributes (1033ms)
				ProcessInitializeOnLoadMethodAttributes (758ms)
				AfterProcessingInitializeOnLoad (163ms)
				EditorAssembliesLoaded (1ms)
			ExecutionOrderSort2 (0ms)
			AwakeInstancesAfterBackupRestoration (48ms)
Platform modules already initialized, skipping
Refreshing native plugins compatible for Editor in 49.28 ms, found 3 plugins.
Preloading 0 native plugins for Editor in 0.00 ms.
Unloading 4037 Unused Serialized files (Serialized files now loaded: 0)
Unloading 57 unused Assets / (26.7 KB). Loaded Objects now: 4505.
Memory consumption went from 139.1 MB to 139.1 MB.
Total: 26.844900 ms (FindLiveObjects: 1.447000 ms CreateObjectMapping: 1.199000 ms MarkObjects: 24.011400 ms  DeleteObjects: 0.184200 ms)

AssetImportParameters requested are different than current active one (requested -> active):
  custom:video-decoder-ogg-theora: a1e56fd34408186e4bbccfd4996cb3dc -> 
  custom:container-muxer-webm: aa71ff27fc2769a1b78a27578f13a17b -> 
  custom:container-demuxer-webm: 4f35f7cbe854078d1ac9338744f61a02 -> 
  custom:video-encoder-webm-vp8: eb34c28f22e8b96e1ab97ce403110664 -> 
  custom:audio-encoder-webm-vorbis: bf7c407c2cedff20999df2af8eb42d56 -> 
  custom:framework-win-MediaFoundation: 216162199b28c13a410421893ffa2e32 -> 
  custom:container-demuxer-ogg: 62fdf1f143b41e24485cea50d1cbac27 -> 
  custom:video-decoder-webm-vp8: 9c59270c3fd7afecdb556c50c9e8de78 -> 
  custom:audio-decoder-ogg-vorbis: bf7c407c2cedff20999df2af8eb42d56 -> 
========================================================================
Received Import Request.
  Time since last request: 348.073586 seconds.
  path: Assets/_Root/Scripts/Ui/MainMenu/GoToMainMenu.cs
  artifactKey: Guid(d353fbcbf0b995f44aba3ea39e467d30) Importer(815301076,1909f56bfc062723c751e8b465ee728b)
Start importing Assets/_Root/Scripts/Ui/MainMenu/GoToMainMenu.cs using Guid(d353fbcbf0b995f44aba3ea39e467d30) Importer(815301076,1909f56bfc062723c751e8b465ee728b)  -> (artifact id: '36769140bf815f7cd44cbfcaa0614ec9') in 0.031469 seconds 
========================================================================
Received Import Request.
  Time since last request: 7.688097 seconds.
  path: Assets/_Root/Scripts/Ui/MainMenu/GoToMainMenuView.cs
  artifactKey: Guid(d353fbcbf0b995f44aba3ea39e467d30) Importer(815301076,1909f56bfc062723c751e8b465ee728b)
Start importing Assets/_Root/Scripts/Ui/MainMenu/GoToMainMenuView.cs using Guid(d353fbcbf0b995f44aba3ea39e467d30) Importer(815301076,1909f56bfc062723c751e8b465ee728b)  -> (artifact id: '305934388d4a465262555d441f458984') in 0.053275 seconds 
========================================================================
Received Prepare
Registering precompiled user dll's ...
Registered in 0.063347 seconds.
Begin MonoManager ReloadAssembly
Symbol file LoadedFromMemory doesn't match image C:\gb\Lesson_8_End\Library\PackageCache\com.unity.visualscripting@1.7.8\Editor\VisualScripting.Core\Dependencies\DotNetZip\Unity.VisualScripting.IonicZip.dll
Symbol file LoadedFromMemory doesn't match image C:\gb\Lesson_8_End\Library\PackageCache\com.unity.visualscripting@1.7.8\Editor\VisualScripting.Core\Dependencies\YamlDotNet\Unity.VisualScripting.YamlDotNet.dll
Native extension for WindowsStandalone target not found
Native extension for Android target not found
Refreshing native plugins compatible for Editor in 7.54 ms, found 3 plugins.
Preloading 0 native plugins for Editor in 0.00 ms.
Mono: successfully reloaded assembly
- Completed reload, in  8.203 seconds
Domain Reload Profiling:
	ReloadAssembly (8206ms)
		BeginReloadAssembly (646ms)
			ExecutionOrderSort (0ms)
			DisableScriptedObjects (29ms)
			BackupInstance (0ms)
			ReleaseScriptingObjects (0ms)
			CreateAndSetChildDomain (146ms)
		EndReloadAssembly (6676ms)
			LoadAssemblies (568ms)
			RebuildTransferFunctionScriptingTraits (0ms)
			SetupTypeCache (1261ms)
			ReleaseScriptCaches (4ms)
			RebuildScriptCaches (346ms)
			SetupLoadedEditorAssemblies (3990ms)
				LogAssemblyErrors (0ms)
				InitializePlatformSupportModulesInManaged (163ms)
				SetLoadedEditorAssemblies (3ms)
				RefreshPlugins (8ms)
				BeforeProcessingInitializeOnLoad (427ms)
				ProcessInitializeOnLoadAttributes (2002ms)
				ProcessInitializeOnLoadMethodAttributes (1320ms)
				AfterProcessingInitializeOnLoad (65ms)
				EditorAssembliesLoaded (1ms)
			ExecutionOrderSort2 (0ms)
			AwakeInstancesAfterBackupRestoration (41ms)
Platform modules already initialized, skipping
Refreshing native plugins compatible for Editor in 121.78 ms, found 3 plugins.
Preloading 0 native plugins for Editor in 0.00 ms.
Unloading 4037 Unused Serialized files (Serialized files now loaded: 0)
Unloading 56 unused Assets / (25.8 KB). Loaded Objects now: 4508.
Memory consumption went from 139.1 MB to 139.1 MB.
Total: 27.802000 ms (FindLiveObjects: 1.590000 ms CreateObjectMapping: 1.077400 ms MarkObjects: 24.994400 ms  DeleteObjects: 0.136100 ms)

AssetImportParameters requested are different than current active one (requested -> active):
  custom:video-decoder-ogg-theora: a1e56fd34408186e4bbccfd4996cb3dc -> 
  custom:container-muxer-webm: aa71ff27fc2769a1b78a27578f13a17b -> 
  custom:container-demuxer-webm: 4f35f7cbe854078d1ac9338744f61a02 -> 
  custom:video-encoder-webm-vp8: eb34c28f22e8b96e1ab97ce403110664 -> 
  custom:audio-encoder-webm-vorbis: bf7c407c2cedff20999df2af8eb42d56 -> 
  custom:framework-win-MediaFoundation: 216162199b28c13a410421893ffa2e32 -> 
  custom:container-demuxer-ogg: 62fdf1f143b41e24485cea50d1cbac27 -> 
  custom:video-decoder-webm-vp8: 9c59270c3fd7afecdb556c50c9e8de78 -> 
  custom:audio-decoder-ogg-vorbis: bf7c407c2cedff20999df2af8eb42d56 -> 
========================================================================
Received Prepare
Registering precompiled user dll's ...
Registered in 0.052762 seconds.
Begin MonoManager ReloadAssembly
Symbol file LoadedFromMemory doesn't match image C:\gb\Lesson_8_End\Library\PackageCache\com.unity.visualscripting@1.7.8\Editor\VisualScripting.Core\Dependencies\DotNetZip\Unity.VisualScripting.IonicZip.dll
Symbol file LoadedFromMemory doesn't match image C:\gb\Lesson_8_End\Library\PackageCache\com.unity.visualscripting@1.7.8\Editor\VisualScripting.Core\Dependencies\YamlDotNet\Unity.VisualScripting.YamlDotNet.dll
Native extension for WindowsStandalone target not found
Native extension for Android target not found
Refreshing native plugins compatible for Editor in 4.43 ms, found 3 plugins.
Preloading 0 native plugins for Editor in 0.00 ms.
Mono: successfully reloaded assembly
- Completed reload, in  5.284 seconds
Domain Reload Profiling:
	ReloadAssembly (5288ms)
		BeginReloadAssembly (611ms)
			ExecutionOrderSort (0ms)
			DisableScriptedObjects (31ms)
			BackupInstance (0ms)
			ReleaseScriptingObjects (0ms)
			CreateAndSetChildDomain (144ms)
		EndReloadAssembly (4191ms)
			LoadAssemblies (475ms)
			RebuildTransferFunctionScriptingTraits (0ms)
			SetupTypeCache (1153ms)
			ReleaseScriptCaches (4ms)
			RebuildScriptCaches (211ms)
			SetupLoadedEditorAssemblies (2132ms)
				LogAssemblyErrors (0ms)
				InitializePlatformSupportModulesInManaged (107ms)
				SetLoadedEditorAssemblies (2ms)
				RefreshPlugins (5ms)
				BeforeProcessingInitializeOnLoad (325ms)
				ProcessInitializeOnLoadAttributes (933ms)
				ProcessInitializeOnLoadMethodAttributes (718ms)
				AfterProcessingInitializeOnLoad (42ms)
				EditorAssembliesLoaded (1ms)
			ExecutionOrderSort2 (0ms)
			AwakeInstancesAfterBackupRestoration (30ms)
Platform modules already initialized, skipping
Refreshing native plugins compatible for Editor in 95.08 ms, found 3 plugins.
Preloading 0 native plugins for Editor in 0.00 ms.
Unloading 4037 Unused Serialized files (Serialized files now loaded: 0)
Unloading 56 unused Assets / (25.9 KB). Loaded Objects now: 4511.
Memory consumption went from 139.1 MB to 139.1 MB.
Total: 28.189300 ms (FindLiveObjects: 2.245400 ms CreateObjectMapping: 1.365300 ms MarkObjects: 24.426800 ms  DeleteObjects: 0.147000 ms)

AssetImportParameters requested are different than current active one (requested -> active):
  custom:video-decoder-ogg-theora: a1e56fd34408186e4bbccfd4996cb3dc -> 
  custom:container-muxer-webm: aa71ff27fc2769a1b78a27578f13a17b -> 
  custom:container-demuxer-webm: 4f35f7cbe854078d1ac9338744f61a02 -> 
  custom:video-encoder-webm-vp8: eb34c28f22e8b96e1ab97ce403110664 -> 
  custom:audio-encoder-webm-vorbis: bf7c407c2cedff20999df2af8eb42d56 -> 
  custom:framework-win-MediaFoundation: 216162199b28c13a410421893ffa2e32 -> 
  custom:container-demuxer-ogg: 62fdf1f143b41e24485cea50d1cbac27 -> 
  custom:video-decoder-webm-vp8: 9c59270c3fd7afecdb556c50c9e8de78 -> 
  custom:audio-decoder-ogg-vorbis: bf7c407c2cedff20999df2af8eb42d56 -> 
========================================================================
Received Import Request.
  Time since last request: 61.731289 seconds.
  path: Assets/_Root/Scripts/Ui/MainMenu/GoToMainMenuView.cs
  artifactKey: Guid(d353fbcbf0b995f44aba3ea39e467d30) Importer(815301076,1909f56bfc062723c751e8b465ee728b)
Start importing Assets/_Root/Scripts/Ui/MainMenu/GoToMainMenuView.cs using Guid(d353fbcbf0b995f44aba3ea39e467d30) Importer(815301076,1909f56bfc062723c751e8b465ee728b)  -> (artifact id: 'e3de0a6187545d19c8aade0a699ac015') in 0.029945 seconds 
